<?xml version="1.0" encoding="UTF-8"?>
<!-- Generated by org.testng.reporters.JUnitXMLReporter -->
<testsuite ignored="0" hostname="HPCompaq6300-Melli11" failures="0" tests="5" name="Edge" time="15.555" errors="0" timestamp="2023-12-04T17:08:15 ART">
  <testcase classname="tests.SauceDemoTest" name="CP001_LoginSuccesfull" time="1.884"/>
  <testcase classname="tests.SauceDemoTest" name="CP002_LoginPassFail" time="0.759"/>
  <testcase classname="tests.SauceDemoTest" name="CP003_LoginInvalidUser" time="0.705"/>
  <testcase classname="tests.SauceDemoTest" name="CP005_MakePurchase" time="3.648"/>
  <testcase classname="tests.SauceDemoTest" name="CP004_LoginEmptyFields" time="0.612"/>
</testsuite> <!-- Edge -->
