<?xml version="1.0" encoding="UTF-8"?>
<!-- Generated by org.testng.reporters.JUnitXMLReporter -->
<testsuite ignored="0" hostname="HPCompaq6300-Melli11" failures="0" tests="5" name="ChromeTest" time="17.955" errors="0" timestamp="2023-12-04T16:06:25 ART">
  <testcase classname="tests.SauceDemoTest" name="CP001_LoginSuccesfull" time="1.785"/>
  <testcase classname="tests.SauceDemoTest" name="CP002_LoginPassFail" time="1.134"/>
  <testcase classname="tests.SauceDemoTest" name="CP003_LoginInvalidUser" time="1.148"/>
  <testcase classname="tests.SauceDemoTest" name="CP005_MakePurchase" time="3.457"/>
  <testcase classname="tests.SauceDemoTest" name="CP004_LoginEmptyFields" time="0.52"/>
</testsuite> <!-- ChromeTest -->
