<?xml version="1.0" encoding="UTF-8"?>
<!-- Generated by org.testng.reporters.JUnitXMLReporter -->
<testsuite ignored="0" hostname="HPCompaq6300-Melli11" failures="0" tests="5" name="FireFox" time="15.732" errors="0" timestamp="2023-12-04T16:06:41 ART">
  <testcase classname="tests.SauceDemoTest" name="CP001_LoginSuccesfull" time="1.394"/>
  <testcase classname="tests.SauceDemoTest" name="CP002_LoginPassFail" time="0.593"/>
  <testcase classname="tests.SauceDemoTest" name="CP003_LoginInvalidUser" time="0.599"/>
  <testcase classname="tests.SauceDemoTest" name="CP005_MakePurchase" time="3.453"/>
  <testcase classname="tests.SauceDemoTest" name="CP004_LoginEmptyFields" time="0.528"/>
</testsuite> <!-- FireFox -->
