<?xml version="1.0" encoding="UTF-8"?>
<!-- Generated by org.testng.reporters.JUnitXMLReporter -->
<testsuite ignored="0" hostname="HPCompaq6300-Melli11" failures="0" tests="5" name="RegressionTest" time="16.813" errors="0" timestamp="2023-12-03T16:00:59 ART">
  <testcase classname="tests.SauceDemoTest" name="CP001_LoginSuccesfull" time="1.609"/>
  <testcase classname="tests.SauceDemoTest" name="CP002_LoginPassFail" time="0.595"/>
  <testcase classname="tests.SauceDemoTest" name="CP003_LoginInvalidUser" time="0.579"/>
  <testcase classname="tests.SauceDemoTest" name="CP005_MakePurchase" time="3.352"/>
  <testcase classname="tests.SauceDemoTest" name="CP004_LoginEmptyFields" time="0.526"/>
</testsuite> <!-- RegressionTest -->
