<?xml version="1.0" encoding="UTF-8"?>
<!-- Generated by org.testng.reporters.JUnitXMLReporter -->
<testsuite ignored="3" hostname="HPCompaq6300-Melli11" failures="0" tests="2" name="smokeTest" time="10.224" errors="0" timestamp="2023-12-04T16:52:58 ART">
  <testcase classname="tests.SauceDemoTest" name="CP001_LoginSuccesfull" time="1.573"/>
  <testcase classname="tests.SauceDemoTest" name="CP005_MakePurchase" time="3.236"/>
  <testcase classname="tests.SauceDemoTest" name="CP004_LoginEmptyFields" time="0.0">
    <ignored/>
  </testcase> <!-- CP004_LoginEmptyFields -->
  <testcase classname="tests.SauceDemoTest" name="CP003_LoginInvalidUser" time="0.0">
    <ignored/>
  </testcase> <!-- CP003_LoginInvalidUser -->
  <testcase classname="tests.SauceDemoTest" name="CP002_LoginPassFail" time="0.0">
    <ignored/>
  </testcase> <!-- CP002_LoginPassFail -->
</testsuite> <!-- smokeTest -->
