<?xml version="1.0" encoding="UTF-8"?>
<testsuite xmlns:xsi="http://www.w3.org/2001/XMLSchema-instance" xsi:noNamespaceSchemaLocation="https://maven.apache.org/surefire/maven-surefire-plugin/xsd/surefire-test-report-3.0.xsd" version="3.0" name="TestSuite" time="47.598" tests="15" errors="0" skipped="0" failures="0">
  <properties>
[...]
</properties>
  <testcase name="CP001_LoginSuccesfull[standard_user, secret_sauce](1)" classname="tests.SauceDemoTest" time="1.665">
    <system-out><![CDATA[Archivo Excel encontrado en la ruta: ..\Saucedemo_TestAutomationFramework\Datos\Datos_IniciarSesion.xlsx
Lectura de datos Excel completada.
Swag Labs
]]></system-out>
    <system-err><![CDATA[SLF4J: No SLF4J providers were found.
SLF4J: Defaulting to no-operation (NOP) logger implementation
SLF4J: See https://www.slf4j.org/codes.html#noProviders for further details.
ERROR StatusLogger Log4j2 could not find a logging implementation. Please add log4j-core to the classpath. Using SimpleLogger to log to the console...
]]></system-err>
  </testcase>
  <testcase name="CP001_LoginSuccesfull[standard_user, secret_sauce](1)" classname="tests.SauceDemoTest" time="1.548">
    <system-out><![CDATA[DEBUG   17017   [freemark] (): Couldn't find template in cache for "spark/spark.spa.ftl"("es_AR", UTF-8, parsed); will try to load it.
DEBUG   17017   [freemark] (): TemplateLoader.findTemplateSource("spark/spark.spa_es_AR.ftl"): Not found
DEBUG   17017   [freemark] (): TemplateLoader.findTemplateSource("spark/spark.spa_es.ftl"): Not found
DEBUG   17017   [freemark] (): TemplateLoader.findTemplateSource("spark/spark.spa.ftl"): Found
DEBUG   17017   [freemark] (): Loading template for "spark/spark.spa.ftl"("es_AR", UTF-8, parsed) from "jar:file:/C:/Users/Martin/.m2/repository/com/aventstack/extentreports/5.1.1/extentreports-5.1.1.jar!/com/aventstack/extentreports/templates/spark/spark.spa.ftl"
DEBUG   17017   [freemark] (): Couldn't find template in cache for "commons/commons-variables.ftl"("es_AR", UTF-8, parsed); will try to load it.
DEBUG   17017   [freemark] (): TemplateLoader.findTemplateSource("commons/commons-variables_es_AR.ftl"): Not found
DEBUG   17017   [freemark] (): TemplateLoader.findTemplateSource("commons/commons-variables_es.ftl"): Not found
DEBUG   17017   [freemark] (): TemplateLoader.findTemplateSource("commons/commons-variables.ftl"): Found
DEBUG   17017   [freemark] (): Loading template for "commons/commons-variables.ftl"("es_AR", UTF-8, parsed) from "jar:file:/C:/Users/Martin/.m2/repository/com/aventstack/extentreports/5.1.1/extentreports-5.1.1.jar!/com/aventstack/extentreports/templates/commons/commons-variables.ftl"
DEBUG   17017   [freemark] (): Couldn't find template in cache for "commons/commons-macros.ftl"("es_AR", UTF-8, parsed); will try to load it.
DEBUG   17017   [freemark] (): TemplateLoader.findTemplateSource("commons/commons-macros_es_AR.ftl"): Not found
DEBUG   17017   [freemark] (): TemplateLoader.findTemplateSource("commons/commons-macros_es.ftl"): Not found
DEBUG   17017   [freemark] (): TemplateLoader.findTemplateSource("commons/commons-macros.ftl"): Found
DEBUG   17017   [freemark] (): Loading template for "commons/commons-macros.ftl"("es_AR", UTF-8, parsed) from "jar:file:/C:/Users/Martin/.m2/repository/com/aventstack/extentreports/5.1.1/extentreports-5.1.1.jar!/com/aventstack/extentreports/templates/commons/commons-macros.ftl"
DEBUG   17017   [freemark] (): Couldn't find template in cache for "spark/macros/attributes.ftl"("es_AR", UTF-8, parsed); will try to load it.
DEBUG   17017   [freemark] (): TemplateLoader.findTemplateSource("spark/macros/attributes_es_AR.ftl"): Not found
DEBUG   17017   [freemark] (): TemplateLoader.findTemplateSource("spark/macros/attributes_es.ftl"): Not found
DEBUG   17017   [freemark] (): TemplateLoader.findTemplateSource("spark/macros/attributes.ftl"): Found
DEBUG   17017   [freemark] (): Loading template for "spark/macros/attributes.ftl"("es_AR", UTF-8, parsed) from "jar:file:/C:/Users/Martin/.m2/repository/com/aventstack/extentreports/5.1.1/extentreports-5.1.1.jar!/com/aventstack/extentreports/templates/spark/macros/attributes.ftl"
DEBUG   17017   [freemark] (): Couldn't find template in cache for "spark/macros/log.ftl"("es_AR", UTF-8, parsed); will try to load it.
DEBUG   17017   [freemark] (): TemplateLoader.findTemplateSource("spark/macros/log_es_AR.ftl"): Not found
DEBUG   17017   [freemark] (): TemplateLoader.findTemplateSource("spark/macros/log_es.ftl"): Not found
DEBUG   17017   [freemark] (): TemplateLoader.findTemplateSource("spark/macros/log.ftl"): Found
DEBUG   17017   [freemark] (): Loading template for "spark/macros/log.ftl"("es_AR", UTF-8, parsed) from "jar:file:/C:/Users/Martin/.m2/repository/com/aventstack/extentreports/5.1.1/extentreports-5.1.1.jar!/com/aventstack/extentreports/templates/spark/macros/log.ftl"
DEBUG   17017   [freemark] (): Couldn't find template in cache for "spark/macros/recurse_nodes.ftl"("es_AR", UTF-8, parsed); will try to load it.
DEBUG   17017   [freemark] (): TemplateLoader.findTemplateSource("spark/macros/recurse_nodes_es_AR.ftl"): Not found
DEBUG   17017   [freemark] (): TemplateLoader.findTemplateSource("spark/macros/recurse_nodes_es.ftl"): Not found
DEBUG   17017   [freemark] (): TemplateLoader.findTemplateSource("spark/macros/recurse_nodes.ftl"): Found
DEBUG   17017   [freemark] (): Loading template for "spark/macros/recurse_nodes.ftl"("es_AR", UTF-8, parsed) from "jar:file:/C:/Users/Martin/.m2/repository/com/aventstack/extentreports/5.1.1/extentreports-5.1.1.jar!/com/aventstack/extentreports/templates/spark/macros/recurse_nodes.ftl"
DEBUG   17017   [freemark] (): "spark/macros/log.ftl"("es_AR", UTF-8, parsed) cached copy not yet stale; using cached.
DEBUG   17017   [freemark] (): Couldn't find template in cache for "spark/macros/attr-common.ftl"("es_AR", UTF-8, parsed); will try to load it.
DEBUG   17017   [freemark] (): TemplateLoader.findTemplateSource("spark/macros/attr-common_es_AR.ftl"): Not found
DEBUG   17017   [freemark] (): TemplateLoader.findTemplateSource("spark/macros/attr-common_es.ftl"): Not found
DEBUG   17017   [freemark] (): TemplateLoader.findTemplateSource("spark/macros/attr-common.ftl"): Found
DEBUG   17017   [freemark] (): Loading template for "spark/macros/attr-common.ftl"("es_AR", UTF-8, parsed) from "jar:file:/C:/Users/Martin/.m2/repository/com/aventstack/extentreports/5.1.1/extentreports-5.1.1.jar!/com/aventstack/extentreports/templates/spark/macros/attr-common.ftl"
DEBUG   17017   [freemark] (): Couldn't find template in cache for "spark/partials/head.ftl"("es_AR", UTF-8, parsed); will try to load it.
DEBUG   17017   [freemark] (): TemplateLoader.findTemplateSource("spark/partials/head_es_AR.ftl"): Not found
DEBUG   17017   [freemark] (): TemplateLoader.findTemplateSource("spark/partials/head_es.ftl"): Not found
DEBUG   17017   [freemark] (): TemplateLoader.findTemplateSource("spark/partials/head.ftl"): Found
DEBUG   17017   [freemark] (): Loading template for "spark/partials/head.ftl"("es_AR", UTF-8, parsed) from "jar:file:/C:/Users/Martin/.m2/repository/com/aventstack/extentreports/5.1.1/extentreports-5.1.1.jar!/com/aventstack/extentreports/templates/spark/partials/head.ftl"
DEBUG   17017   [freemark] (): Couldn't find template in cache for "commons/commons-inject-css.ftl"("es_AR", UTF-8, parsed); will try to load it.
DEBUG   17017   [freemark] (): TemplateLoader.findTemplateSource("commons/commons-inject-css_es_AR.ftl"): Not found
DEBUG   17017   [freemark] (): TemplateLoader.findTemplateSource("commons/commons-inject-css_es.ftl"): Not found
DEBUG   17017   [freemark] (): TemplateLoader.findTemplateSource("commons/commons-inject-css.ftl"): Found
DEBUG   17017   [freemark] (): Loading template for "commons/commons-inject-css.ftl"("es_AR", UTF-8, parsed) from "jar:file:/C:/Users/Martin/.m2/repository/com/aventstack/extentreports/5.1.1/extentreports-5.1.1.jar!/com/aventstack/extentreports/templates/commons/commons-inject-css.ftl"
DEBUG   17017   [freemark] (): Couldn't find template in cache for "spark/partials/navbar.ftl"("es_AR", UTF-8, parsed); will try to load it.
DEBUG   17017   [freemark] (): TemplateLoader.findTemplateSource("spark/partials/navbar_es_AR.ftl"): Not found
DEBUG   17017   [freemark] (): TemplateLoader.findTemplateSource("spark/partials/navbar_es.ftl"): Not found
DEBUG   17017   [freemark] (): TemplateLoader.findTemplateSource("spark/partials/navbar.ftl"): Found
DEBUG   17017   [freemark] (): Loading template for "spark/partials/navbar.ftl"("es_AR", UTF-8, parsed) from "jar:file:/C:/Users/Martin/.m2/repository/com/aventstack/extentreports/5.1.1/extentreports-5.1.1.jar!/com/aventstack/extentreports/templates/spark/partials/navbar.ftl"
DEBUG   17017   [freemark] (): Couldn't find template in cache for "spark/partials/sidenav.ftl"("es_AR", UTF-8, parsed); will try to load it.
DEBUG   17017   [freemark] (): TemplateLoader.findTemplateSource("spark/partials/sidenav_es_AR.ftl"): Not found
DEBUG   17017   [freemark] (): TemplateLoader.findTemplateSource("spark/partials/sidenav_es.ftl"): Not found
DEBUG   17017   [freemark] (): TemplateLoader.findTemplateSource("spark/partials/sidenav.ftl"): Found
DEBUG   17017   [freemark] (): Loading template for "spark/partials/sidenav.ftl"("es_AR", UTF-8, parsed) from "jar:file:/C:/Users/Martin/.m2/repository/com/aventstack/extentreports/5.1.1/extentreports-5.1.1.jar!/com/aventstack/extentreports/templates/spark/partials/sidenav.ftl"
DEBUG   17017   [freemark] (): Couldn't find template in cache for "spark/partials/test.ftl"("es_AR", UTF-8, parsed); will try to load it.
DEBUG   17017   [freemark] (): TemplateLoader.findTemplateSource("spark/partials/test_es_AR.ftl"): Not found
DEBUG   17017   [freemark] (): TemplateLoader.findTemplateSource("spark/partials/test_es.ftl"): Not found
DEBUG   17017   [freemark] (): TemplateLoader.findTemplateSource("spark/partials/test.ftl"): Found
DEBUG   17017   [freemark] (): Loading template for "spark/partials/test.ftl"("es_AR", UTF-8, parsed) from "jar:file:/C:/Users/Martin/.m2/repository/com/aventstack/extentreports/5.1.1/extentreports-5.1.1.jar!/com/aventstack/extentreports/templates/spark/partials/test.ftl"
DEBUG   17017   [freemark] (): Couldn't find template in cache for "spark/partials/standard-content.ftl"("es_AR", UTF-8, parsed); will try to load it.
DEBUG   17017   [freemark] (): TemplateLoader.findTemplateSource("spark/partials/standard-content_es_AR.ftl"): Not found
DEBUG   17017   [freemark] (): TemplateLoader.findTemplateSource("spark/partials/standard-content_es.ftl"): Not found
DEBUG   17017   [freemark] (): TemplateLoader.findTemplateSource("spark/partials/standard-content.ftl"): Found
DEBUG   17017   [freemark] (): Loading template for "spark/partials/standard-content.ftl"("es_AR", UTF-8, parsed) from "jar:file:/C:/Users/Martin/.m2/repository/com/aventstack/extentreports/5.1.1/extentreports-5.1.1.jar!/com/aventstack/extentreports/templates/spark/partials/standard-content.ftl"
DEBUG   17017   [freemark] (): "spark/partials/standard-content.ftl"("es_AR", UTF-8, parsed) cached copy not yet stale; using cached.
DEBUG   17017   [freemark] (): "spark/partials/standard-content.ftl"("es_AR", UTF-8, parsed) cached copy not yet stale; using cached.
DEBUG   17017   [freemark] (): "spark/partials/standard-content.ftl"("es_AR", UTF-8, parsed) cached copy not yet stale; using cached.
DEBUG   17017   [freemark] (): "spark/partials/standard-content.ftl"("es_AR", UTF-8, parsed) cached copy not yet stale; using cached.
DEBUG   17017   [freemark] (): Couldn't find template in cache for "spark/partials/exception.ftl"("es_AR", UTF-8, parsed); will try to load it.
DEBUG   17017   [freemark] (): TemplateLoader.findTemplateSource("spark/partials/exception_es_AR.ftl"): Not found
DEBUG   17017   [freemark] (): TemplateLoader.findTemplateSource("spark/partials/exception_es.ftl"): Not found
DEBUG   17017   [freemark] (): TemplateLoader.findTemplateSource("spark/partials/exception.ftl"): Found
DEBUG   17017   [freemark] (): Loading template for "spark/partials/exception.ftl"("es_AR", UTF-8, parsed) from "jar:file:/C:/Users/Martin/.m2/repository/com/aventstack/extentreports/5.1.1/extentreports-5.1.1.jar!/com/aventstack/extentreports/templates/spark/partials/exception.ftl"
DEBUG   17017   [freemark] (): Couldn't find template in cache for "spark/partials/category.ftl"("es_AR", UTF-8, parsed); will try to load it.
DEBUG   17017   [freemark] (): TemplateLoader.findTemplateSource("spark/partials/category_es_AR.ftl"): Not found
DEBUG   17017   [freemark] (): TemplateLoader.findTemplateSource("spark/partials/category_es.ftl"): Not found
DEBUG   17017   [freemark] (): TemplateLoader.findTemplateSource("spark/partials/category.ftl"): Found
DEBUG   17017   [freemark] (): Loading template for "spark/partials/category.ftl"("es_AR", UTF-8, parsed) from "jar:file:/C:/Users/Martin/.m2/repository/com/aventstack/extentreports/5.1.1/extentreports-5.1.1.jar!/com/aventstack/extentreports/templates/spark/partials/category.ftl"
DEBUG   17017   [freemark] (): Couldn't find template in cache for "spark/partials/device.ftl"("es_AR", UTF-8, parsed); will try to load it.
DEBUG   17017   [freemark] (): TemplateLoader.findTemplateSource("spark/partials/device_es_AR.ftl"): Not found
DEBUG   17017   [freemark] (): TemplateLoader.findTemplateSource("spark/partials/device_es.ftl"): Not found
DEBUG   17017   [freemark] (): TemplateLoader.findTemplateSource("spark/partials/device.ftl"): Found
DEBUG   17017   [freemark] (): Loading template for "spark/partials/device.ftl"("es_AR", UTF-8, parsed) from "jar:file:/C:/Users/Martin/.m2/repository/com/aventstack/extentreports/5.1.1/extentreports-5.1.1.jar!/com/aventstack/extentreports/templates/spark/partials/device.ftl"
DEBUG   17017   [freemark] (): Couldn't find template in cache for "spark/partials/author.ftl"("es_AR", UTF-8, parsed); will try to load it.
DEBUG   17017   [freemark] (): TemplateLoader.findTemplateSource("spark/partials/author_es_AR.ftl"): Not found
DEBUG   17017   [freemark] (): TemplateLoader.findTemplateSource("spark/partials/author_es.ftl"): Not found
DEBUG   17017   [freemark] (): TemplateLoader.findTemplateSource("spark/partials/author.ftl"): Found
DEBUG   17017   [freemark] (): Loading template for "spark/partials/author.ftl"("es_AR", UTF-8, parsed) from "jar:file:/C:/Users/Martin/.m2/repository/com/aventstack/extentreports/5.1.1/extentreports-5.1.1.jar!/com/aventstack/extentreports/templates/spark/partials/author.ftl"
DEBUG   17017   [freemark] (): Couldn't find template in cache for "spark/partials/log.ftl"("es_AR", UTF-8, parsed); will try to load it.
DEBUG   17017   [freemark] (): TemplateLoader.findTemplateSource("spark/partials/log_es_AR.ftl"): Not found
DEBUG   17017   [freemark] (): TemplateLoader.findTemplateSource("spark/partials/log_es.ftl"): Not found
DEBUG   17017   [freemark] (): TemplateLoader.findTemplateSource("spark/partials/log.ftl"): Found
DEBUG   17017   [freemark] (): Loading template for "spark/partials/log.ftl"("es_AR", UTF-8, parsed) from "jar:file:/C:/Users/Martin/.m2/repository/com/aventstack/extentreports/5.1.1/extentreports-5.1.1.jar!/com/aventstack/extentreports/templates/spark/partials/log.ftl"
DEBUG   17017   [freemark] (): Couldn't find template in cache for "spark/partials/dashboard.ftl"("es_AR", UTF-8, parsed); will try to load it.
DEBUG   17017   [freemark] (): TemplateLoader.findTemplateSource("spark/partials/dashboard_es_AR.ftl"): Not found
DEBUG   17017   [freemark] (): TemplateLoader.findTemplateSource("spark/partials/dashboard_es.ftl"): Not found
DEBUG   17017   [freemark] (): TemplateLoader.findTemplateSource("spark/partials/dashboard.ftl"): Found
DEBUG   17017   [freemark] (): Loading template for "spark/partials/dashboard.ftl"("es_AR", UTF-8, parsed) from "jar:file:/C:/Users/Martin/.m2/repository/com/aventstack/extentreports/5.1.1/extentreports-5.1.1.jar!/com/aventstack/extentreports/templates/spark/partials/dashboard.ftl"
DEBUG   17017   [freemark] (): Couldn't find template in cache for "spark/partials/scripts.ftl"("es_AR", UTF-8, parsed); will try to load it.
DEBUG   17017   [freemark] (): TemplateLoader.findTemplateSource("spark/partials/scripts_es_AR.ftl"): Not found
DEBUG   17017   [freemark] (): TemplateLoader.findTemplateSource("spark/partials/scripts_es.ftl"): Not found
DEBUG   17017   [freemark] (): TemplateLoader.findTemplateSource("spark/partials/scripts.ftl"): Found
DEBUG   17017   [freemark] (): Loading template for "spark/partials/scripts.ftl"("es_AR", UTF-8, parsed) from "jar:file:/C:/Users/Martin/.m2/repository/com/aventstack/extentreports/5.1.1/extentreports-5.1.1.jar!/com/aventstack/extentreports/templates/spark/partials/scripts.ftl"
DEBUG   17017   [freemark] (): Couldn't find template in cache for "commons/commons-inject-js.ftl"("es_AR", UTF-8, parsed); will try to load it.
DEBUG   17017   [freemark] (): TemplateLoader.findTemplateSource("commons/commons-inject-js_es_AR.ftl"): Not found
DEBUG   17017   [freemark] (): TemplateLoader.findTemplateSource("commons/commons-inject-js_es.ftl"): Not found
DEBUG   17017   [freemark] (): TemplateLoader.findTemplateSource("commons/commons-inject-js.ftl"): Found
DEBUG   17017   [freemark] (): Loading template for "commons/commons-inject-js.ftl"("es_AR", UTF-8, parsed) from "jar:file:/C:/Users/Martin/.m2/repository/com/aventstack/extentreports/5.1.1/extentreports-5.1.1.jar!/com/aventstack/extentreports/templates/commons/commons-inject-js.ftl"
Script finalizado
Archivo Excel encontrado en la ruta: ..\Saucedemo_TestAutomationFramework\Datos\Datos_IniciarSesion.xlsx
Lectura de datos Excel completada.
Swag Labs
]]></system-out>
  </testcase>
  <testcase name="CP001_LoginSuccesfull[standard_user, secret_sauce](1)" classname="tests.SauceDemoTest" time="1.875">
    <system-out><![CDATA[DEBUG   17017   [freemark] (): TemplateLoader.findTemplateSource("spark/spark.spa_es_AR.ftl"): Not found
DEBUG   17017   [freemark] (): TemplateLoader.findTemplateSource("spark/spark.spa_es.ftl"): Not found
DEBUG   17017   [freemark] (): TemplateLoader.findTemplateSource("spark/spark.spa.ftl"): Found
DEBUG   17017   [freemark] (): "spark/spark.spa.ftl"("es_AR", UTF-8, parsed): using cached since jar:file:/C:/Users/Martin/.m2/repository/com/aventstack/extentreports/5.1.1/extentreports-5.1.1.jar!/com/aventstack/extentreports/templates/spark/spark.spa.ftl hasn't changed.
DEBUG   17017   [freemark] (): TemplateLoader.findTemplateSource("commons/commons-variables_es_AR.ftl"): Not found
DEBUG   17017   [freemark] (): TemplateLoader.findTemplateSource("commons/commons-variables_es.ftl"): Not found
DEBUG   17017   [freemark] (): TemplateLoader.findTemplateSource("commons/commons-variables.ftl"): Found
DEBUG   17017   [freemark] (): "commons/commons-variables.ftl"("es_AR", UTF-8, parsed): using cached since jar:file:/C:/Users/Martin/.m2/repository/com/aventstack/extentreports/5.1.1/extentreports-5.1.1.jar!/com/aventstack/extentreports/templates/commons/commons-variables.ftl hasn't changed.
DEBUG   17017   [freemark] (): TemplateLoader.findTemplateSource("commons/commons-macros_es_AR.ftl"): Not found
DEBUG   17017   [freemark] (): TemplateLoader.findTemplateSource("commons/commons-macros_es.ftl"): Not found
DEBUG   17017   [freemark] (): TemplateLoader.findTemplateSource("commons/commons-macros.ftl"): Found
DEBUG   17017   [freemark] (): "commons/commons-macros.ftl"("es_AR", UTF-8, parsed): using cached since jar:file:/C:/Users/Martin/.m2/repository/com/aventstack/extentreports/5.1.1/extentreports-5.1.1.jar!/com/aventstack/extentreports/templates/commons/commons-macros.ftl hasn't changed.
DEBUG   17017   [freemark] (): TemplateLoader.findTemplateSource("spark/macros/attributes_es_AR.ftl"): Not found
DEBUG   17017   [freemark] (): TemplateLoader.findTemplateSource("spark/macros/attributes_es.ftl"): Not found
DEBUG   17017   [freemark] (): TemplateLoader.findTemplateSource("spark/macros/attributes.ftl"): Found
DEBUG   17017   [freemark] (): "spark/macros/attributes.ftl"("es_AR", UTF-8, parsed): using cached since jar:file:/C:/Users/Martin/.m2/repository/com/aventstack/extentreports/5.1.1/extentreports-5.1.1.jar!/com/aventstack/extentreports/templates/spark/macros/attributes.ftl hasn't changed.
DEBUG   17017   [freemark] (): TemplateLoader.findTemplateSource("spark/macros/log_es_AR.ftl"): Not found
DEBUG   17017   [freemark] (): TemplateLoader.findTemplateSource("spark/macros/log_es.ftl"): Not found
DEBUG   17017   [freemark] (): TemplateLoader.findTemplateSource("spark/macros/log.ftl"): Found
DEBUG   17017   [freemark] (): "spark/macros/log.ftl"("es_AR", UTF-8, parsed): using cached since jar:file:/C:/Users/Martin/.m2/repository/com/aventstack/extentreports/5.1.1/extentreports-5.1.1.jar!/com/aventstack/extentreports/templates/spark/macros/log.ftl hasn't changed.
DEBUG   17017   [freemark] (): TemplateLoader.findTemplateSource("spark/macros/recurse_nodes_es_AR.ftl"): Not found
DEBUG   17017   [freemark] (): TemplateLoader.findTemplateSource("spark/macros/recurse_nodes_es.ftl"): Not found
DEBUG   17017   [freemark] (): TemplateLoader.findTemplateSource("spark/macros/recurse_nodes.ftl"): Found
DEBUG   17017   [freemark] (): "spark/macros/recurse_nodes.ftl"("es_AR", UTF-8, parsed): using cached since jar:file:/C:/Users/Martin/.m2/repository/com/aventstack/extentreports/5.1.1/extentreports-5.1.1.jar!/com/aventstack/extentreports/templates/spark/macros/recurse_nodes.ftl hasn't changed.
DEBUG   17017   [freemark] (): "spark/macros/log.ftl"("es_AR", UTF-8, parsed) cached copy not yet stale; using cached.
DEBUG   17017   [freemark] (): TemplateLoader.findTemplateSource("spark/macros/attr-common_es_AR.ftl"): Not found
DEBUG   17017   [freemark] (): TemplateLoader.findTemplateSource("spark/macros/attr-common_es.ftl"): Not found
DEBUG   17017   [freemark] (): TemplateLoader.findTemplateSource("spark/macros/attr-common.ftl"): Found
DEBUG   17017   [freemark] (): "spark/macros/attr-common.ftl"("es_AR", UTF-8, parsed): using cached since jar:file:/C:/Users/Martin/.m2/repository/com/aventstack/extentreports/5.1.1/extentreports-5.1.1.jar!/com/aventstack/extentreports/templates/spark/macros/attr-common.ftl hasn't changed.
DEBUG   17017   [freemark] (): TemplateLoader.findTemplateSource("spark/partials/head_es_AR.ftl"): Not found
DEBUG   17017   [freemark] (): TemplateLoader.findTemplateSource("spark/partials/head_es.ftl"): Not found
DEBUG   17017   [freemark] (): TemplateLoader.findTemplateSource("spark/partials/head.ftl"): Found
DEBUG   17017   [freemark] (): "spark/partials/head.ftl"("es_AR", UTF-8, parsed): using cached since jar:file:/C:/Users/Martin/.m2/repository/com/aventstack/extentreports/5.1.1/extentreports-5.1.1.jar!/com/aventstack/extentreports/templates/spark/partials/head.ftl hasn't changed.
DEBUG   17017   [freemark] (): TemplateLoader.findTemplateSource("commons/commons-inject-css_es_AR.ftl"): Not found
DEBUG   17017   [freemark] (): TemplateLoader.findTemplateSource("commons/commons-inject-css_es.ftl"): Not found
DEBUG   17017   [freemark] (): TemplateLoader.findTemplateSource("commons/commons-inject-css.ftl"): Found
DEBUG   17017   [freemark] (): "commons/commons-inject-css.ftl"("es_AR", UTF-8, parsed): using cached since jar:file:/C:/Users/Martin/.m2/repository/com/aventstack/extentreports/5.1.1/extentreports-5.1.1.jar!/com/aventstack/extentreports/templates/commons/commons-inject-css.ftl hasn't changed.
DEBUG   17017   [freemark] (): TemplateLoader.findTemplateSource("spark/partials/navbar_es_AR.ftl"): Not found
DEBUG   17017   [freemark] (): TemplateLoader.findTemplateSource("spark/partials/navbar_es.ftl"): Not found
DEBUG   17017   [freemark] (): TemplateLoader.findTemplateSource("spark/partials/navbar.ftl"): Found
DEBUG   17017   [freemark] (): "spark/partials/navbar.ftl"("es_AR", UTF-8, parsed): using cached since jar:file:/C:/Users/Martin/.m2/repository/com/aventstack/extentreports/5.1.1/extentreports-5.1.1.jar!/com/aventstack/extentreports/templates/spark/partials/navbar.ftl hasn't changed.
DEBUG   17017   [freemark] (): TemplateLoader.findTemplateSource("spark/partials/sidenav_es_AR.ftl"): Not found
DEBUG   17017   [freemark] (): TemplateLoader.findTemplateSource("spark/partials/sidenav_es.ftl"): Not found
DEBUG   17017   [freemark] (): TemplateLoader.findTemplateSource("spark/partials/sidenav.ftl"): Found
DEBUG   17017   [freemark] (): "spark/partials/sidenav.ftl"("es_AR", UTF-8, parsed): using cached since jar:file:/C:/Users/Martin/.m2/repository/com/aventstack/extentreports/5.1.1/extentreports-5.1.1.jar!/com/aventstack/extentreports/templates/spark/partials/sidenav.ftl hasn't changed.
DEBUG   17017   [freemark] (): TemplateLoader.findTemplateSource("spark/partials/test_es_AR.ftl"): Not found
DEBUG   17017   [freemark] (): TemplateLoader.findTemplateSource("spark/partials/test_es.ftl"): Not found
DEBUG   17017   [freemark] (): TemplateLoader.findTemplateSource("spark/partials/test.ftl"): Found
DEBUG   17017   [freemark] (): "spark/partials/test.ftl"("es_AR", UTF-8, parsed): using cached since jar:file:/C:/Users/Martin/.m2/repository/com/aventstack/extentreports/5.1.1/extentreports-5.1.1.jar!/com/aventstack/extentreports/templates/spark/partials/test.ftl hasn't changed.
DEBUG   17017   [freemark] (): TemplateLoader.findTemplateSource("spark/partials/standard-content_es_AR.ftl"): Not found
DEBUG   17017   [freemark] (): TemplateLoader.findTemplateSource("spark/partials/standard-content_es.ftl"): Not found
DEBUG   17017   [freemark] (): TemplateLoader.findTemplateSource("spark/partials/standard-content.ftl"): Found
DEBUG   17017   [freemark] (): "spark/partials/standard-content.ftl"("es_AR", UTF-8, parsed): using cached since jar:file:/C:/Users/Martin/.m2/repository/com/aventstack/extentreports/5.1.1/extentreports-5.1.1.jar!/com/aventstack/extentreports/templates/spark/partials/standard-content.ftl hasn't changed.
DEBUG   17017   [freemark] (): "spark/partials/standard-content.ftl"("es_AR", UTF-8, parsed) cached copy not yet stale; using cached.
DEBUG   17017   [freemark] (): "spark/partials/standard-content.ftl"("es_AR", UTF-8, parsed) cached copy not yet stale; using cached.
DEBUG   17017   [freemark] (): "spark/partials/standard-content.ftl"("es_AR", UTF-8, parsed) cached copy not yet stale; using cached.
DEBUG   17017   [freemark] (): "spark/partials/standard-content.ftl"("es_AR", UTF-8, parsed) cached copy not yet stale; using cached.
DEBUG   17017   [freemark] (): "spark/partials/standard-content.ftl"("es_AR", UTF-8, parsed) cached copy not yet stale; using cached.
DEBUG   17017   [freemark] (): "spark/partials/standard-content.ftl"("es_AR", UTF-8, parsed) cached copy not yet stale; using cached.
DEBUG   17017   [freemark] (): "spark/partials/standard-content.ftl"("es_AR", UTF-8, parsed) cached copy not yet stale; using cached.
DEBUG   17017   [freemark] (): "spark/partials/standard-content.ftl"("es_AR", UTF-8, parsed) cached copy not yet stale; using cached.
DEBUG   17017   [freemark] (): "spark/partials/standard-content.ftl"("es_AR", UTF-8, parsed) cached copy not yet stale; using cached.
DEBUG   17017   [freemark] (): TemplateLoader.findTemplateSource("spark/partials/exception_es_AR.ftl"): Not found
DEBUG   17017   [freemark] (): TemplateLoader.findTemplateSource("spark/partials/exception_es.ftl"): Not found
DEBUG   17017   [freemark] (): TemplateLoader.findTemplateSource("spark/partials/exception.ftl"): Found
DEBUG   17017   [freemark] (): "spark/partials/exception.ftl"("es_AR", UTF-8, parsed): using cached since jar:file:/C:/Users/Martin/.m2/repository/com/aventstack/extentreports/5.1.1/extentreports-5.1.1.jar!/com/aventstack/extentreports/templates/spark/partials/exception.ftl hasn't changed.
DEBUG   17017   [freemark] (): TemplateLoader.findTemplateSource("spark/partials/category_es_AR.ftl"): Not found
DEBUG   17017   [freemark] (): TemplateLoader.findTemplateSource("spark/partials/category_es.ftl"): Not found
DEBUG   17017   [freemark] (): TemplateLoader.findTemplateSource("spark/partials/category.ftl"): Found
DEBUG   17017   [freemark] (): "spark/partials/category.ftl"("es_AR", UTF-8, parsed): using cached since jar:file:/C:/Users/Martin/.m2/repository/com/aventstack/extentreports/5.1.1/extentreports-5.1.1.jar!/com/aventstack/extentreports/templates/spark/partials/category.ftl hasn't changed.
DEBUG   17017   [freemark] (): TemplateLoader.findTemplateSource("spark/partials/device_es_AR.ftl"): Not found
DEBUG   17017   [freemark] (): TemplateLoader.findTemplateSource("spark/partials/device_es.ftl"): Not found
DEBUG   17017   [freemark] (): TemplateLoader.findTemplateSource("spark/partials/device.ftl"): Found
DEBUG   17017   [freemark] (): "spark/partials/device.ftl"("es_AR", UTF-8, parsed): using cached since jar:file:/C:/Users/Martin/.m2/repository/com/aventstack/extentreports/5.1.1/extentreports-5.1.1.jar!/com/aventstack/extentreports/templates/spark/partials/device.ftl hasn't changed.
DEBUG   17017   [freemark] (): TemplateLoader.findTemplateSource("spark/partials/author_es_AR.ftl"): Not found
DEBUG   17017   [freemark] (): TemplateLoader.findTemplateSource("spark/partials/author_es.ftl"): Not found
DEBUG   17017   [freemark] (): TemplateLoader.findTemplateSource("spark/partials/author.ftl"): Found
DEBUG   17017   [freemark] (): "spark/partials/author.ftl"("es_AR", UTF-8, parsed): using cached since jar:file:/C:/Users/Martin/.m2/repository/com/aventstack/extentreports/5.1.1/extentreports-5.1.1.jar!/com/aventstack/extentreports/templates/spark/partials/author.ftl hasn't changed.
DEBUG   17017   [freemark] (): TemplateLoader.findTemplateSource("spark/partials/log_es_AR.ftl"): Not found
DEBUG   17017   [freemark] (): TemplateLoader.findTemplateSource("spark/partials/log_es.ftl"): Not found
DEBUG   17017   [freemark] (): TemplateLoader.findTemplateSource("spark/partials/log.ftl"): Found
DEBUG   17017   [freemark] (): "spark/partials/log.ftl"("es_AR", UTF-8, parsed): using cached since jar:file:/C:/Users/Martin/.m2/repository/com/aventstack/extentreports/5.1.1/extentreports-5.1.1.jar!/com/aventstack/extentreports/templates/spark/partials/log.ftl hasn't changed.
DEBUG   17017   [freemark] (): TemplateLoader.findTemplateSource("spark/partials/dashboard_es_AR.ftl"): Not found
DEBUG   17017   [freemark] (): TemplateLoader.findTemplateSource("spark/partials/dashboard_es.ftl"): Not found
DEBUG   17017   [freemark] (): TemplateLoader.findTemplateSource("spark/partials/dashboard.ftl"): Found
DEBUG   17017   [freemark] (): "spark/partials/dashboard.ftl"("es_AR", UTF-8, parsed): using cached since jar:file:/C:/Users/Martin/.m2/repository/com/aventstack/extentreports/5.1.1/extentreports-5.1.1.jar!/com/aventstack/extentreports/templates/spark/partials/dashboard.ftl hasn't changed.
DEBUG   17017   [freemark] (): TemplateLoader.findTemplateSource("spark/partials/scripts_es_AR.ftl"): Not found
DEBUG   17017   [freemark] (): TemplateLoader.findTemplateSource("spark/partials/scripts_es.ftl"): Not found
DEBUG   17017   [freemark] (): TemplateLoader.findTemplateSource("spark/partials/scripts.ftl"): Found
DEBUG   17017   [freemark] (): "spark/partials/scripts.ftl"("es_AR", UTF-8, parsed): using cached since jar:file:/C:/Users/Martin/.m2/repository/com/aventstack/extentreports/5.1.1/extentreports-5.1.1.jar!/com/aventstack/extentreports/templates/spark/partials/scripts.ftl hasn't changed.
DEBUG   17017   [freemark] (): TemplateLoader.findTemplateSource("commons/commons-inject-js_es_AR.ftl"): Not found
DEBUG   17017   [freemark] (): TemplateLoader.findTemplateSource("commons/commons-inject-js_es.ftl"): Not found
DEBUG   17017   [freemark] (): TemplateLoader.findTemplateSource("commons/commons-inject-js.ftl"): Found
DEBUG   17017   [freemark] (): "commons/commons-inject-js.ftl"("es_AR", UTF-8, parsed): using cached since jar:file:/C:/Users/Martin/.m2/repository/com/aventstack/extentreports/5.1.1/extentreports-5.1.1.jar!/com/aventstack/extentreports/templates/commons/commons-inject-js.ftl hasn't changed.
Script finalizado
Archivo Excel encontrado en la ruta: ..\Saucedemo_TestAutomationFramework\Datos\Datos_IniciarSesion.xlsx
Lectura de datos Excel completada.
Swag Labs
]]></system-out>
  </testcase>
  <testcase name="CP002_LoginPassFail" classname="tests.SauceDemoTest" time="0.673">
    <system-out><![CDATA[Swag Labs
Inicio de sesión fallido: Epic sadface: Username and password do not match any user in this service
]]></system-out>
  </testcase>
  <testcase name="CP002_LoginPassFail" classname="tests.SauceDemoTest" time="0.744">
    <system-out><![CDATA[Swag Labs
Inicio de sesión fallido: Epic sadface: Username and password do not match any user in this service
]]></system-out>
  </testcase>
  <testcase name="CP002_LoginPassFail" classname="tests.SauceDemoTest" time="0.759">
    <system-out><![CDATA[Swag Labs
Inicio de sesión fallido: Epic sadface: Username and password do not match any user in this service
]]></system-out>
  </testcase>
  <testcase name="CP003_LoginInvalidUser" classname="tests.SauceDemoTest" time="0.667">
    <system-out><![CDATA[Swag Labs
Inicio de sesión fallido: Epic sadface: Username and password do not match any user in this service
]]></system-out>
  </testcase>
  <testcase name="CP003_LoginInvalidUser" classname="tests.SauceDemoTest" time="0.644">
    <system-out><![CDATA[Swag Labs
Inicio de sesión fallido: Epic sadface: Username and password do not match any user in this service
]]></system-out>
  </testcase>
  <testcase name="CP003_LoginInvalidUser" classname="tests.SauceDemoTest" time="0.706">
    <system-out><![CDATA[Swag Labs
Inicio de sesión fallido: Epic sadface: Username and password do not match any user in this service
]]></system-out>
  </testcase>
  <testcase name="CP005_MakePurchase" classname="tests.SauceDemoTest" time="3.619"/>
  <testcase name="CP005_MakePurchase" classname="tests.SauceDemoTest" time="3.456"/>
  <testcase name="CP005_MakePurchase" classname="tests.SauceDemoTest" time="3.648"/>
  <testcase name="CP004_LoginEmptyFields" classname="tests.SauceDemoTest" time="0.557">
    <system-out><![CDATA[Swag Labs
Inicio de sesión fallido: Epic sadface: Username is required
]]></system-out>
  </testcase>
  <testcase name="CP004_LoginEmptyFields" classname="tests.SauceDemoTest" time="0.533">
    <system-out><![CDATA[Swag Labs
Inicio de sesión fallido: Epic sadface: Username is required
]]></system-out>
  </testcase>
  <testcase name="CP004_LoginEmptyFields" classname="tests.SauceDemoTest" time="0.612">
    <system-out><![CDATA[Swag Labs
Inicio de sesión fallido: Epic sadface: Username is required
]]></system-out>
  </testcase>
</testsuite>