<?xml version="1.0" encoding="UTF-8"?>
<testng-results ignored="0" total="2" passed="2" failed="0" skipped="0">
  <reporter-output>
  </reporter-output>
  <suite started-at="2023-12-04T16:11:31 ART" name="Suite" finished-at="2023-12-04T16:11:43 ART" duration-ms="12065">
    <groups>
      <group name="caseOne">
        <method signature="SauceDemoTest.CP001_LoginSuccesfull(java.lang.String,java.lang.String)[pri:0, instance:tests.SauceDemoTest@8462f31]" name="CP001_LoginSuccesfull" class="tests.SauceDemoTest"/>
      </group> <!-- caseOne -->
      <group name="regression">
        <method signature="SauceDemoTest.CP001_LoginSuccesfull(java.lang.String,java.lang.String)[pri:0, instance:tests.SauceDemoTest@8462f31]" name="CP001_LoginSuccesfull" class="tests.SauceDemoTest"/>
        <method signature="SauceDemoTest.CP005_MakePurchase()[pri:0, instance:tests.SauceDemoTest@8462f31]" name="CP005_MakePurchase" class="tests.SauceDemoTest"/>
      </group> <!-- regression -->
      <group name="smokeTest">
        <method signature="SauceDemoTest.CP001_LoginSuccesfull(java.lang.String,java.lang.String)[pri:0, instance:tests.SauceDemoTest@8462f31]" name="CP001_LoginSuccesfull" class="tests.SauceDemoTest"/>
        <method signature="SauceDemoTest.CP005_MakePurchase()[pri:0, instance:tests.SauceDemoTest@8462f31]" name="CP005_MakePurchase" class="tests.SauceDemoTest"/>
      </group> <!-- smokeTest -->
    </groups>
    <test started-at="2023-12-04T16:11:31 ART" name="smokeTest" finished-at="2023-12-04T16:11:43 ART" duration-ms="12065">
      <class name="tests.SauceDemoTest">
        <test-method is-config="true" signature="setup(java.lang.String)[pri:0, instance:tests.SauceDemoTest@8462f31]" started-at="2023-12-04T16:11:31 ART" name="setup" finished-at="2023-12-04T16:11:37 ART" duration-ms="5531" status="PASS">
          <params>
            <param index="0">
              <value>
                <![CDATA[chrome]]>
              </value>
            </param>
          </params>
          <reporter-output>
          </reporter-output>
        </test-method> <!-- setup -->
        <test-method signature="CP001_LoginSuccesfull(java.lang.String,java.lang.String)[pri:0, instance:tests.SauceDemoTest@8462f31]" started-at="2023-12-04T16:11:37 ART" name="CP001_LoginSuccesfull" data-provider="DatosInicioSesionValido" finished-at="2023-12-04T16:11:39 ART" duration-ms="1607" status="PASS">
          <params>
            <param index="0">
              <value>
                <![CDATA[standard_user]]>
              </value>
            </param>
            <param index="1">
              <value>
                <![CDATA[secret_sauce]]>
              </value>
            </param>
          </params>
          <reporter-output>
          </reporter-output>
        </test-method> <!-- CP001_LoginSuccesfull -->
        <test-method signature="CP005_MakePurchase()[pri:0, instance:tests.SauceDemoTest@8462f31]" started-at="2023-12-04T16:11:39 ART" name="CP005_MakePurchase" finished-at="2023-12-04T16:11:42 ART" duration-ms="3381" status="PASS">
          <reporter-output>
          </reporter-output>
        </test-method> <!-- CP005_MakePurchase -->
        <test-method is-config="true" signature="tearDown()[pri:0, instance:tests.SauceDemoTest@8462f31]" started-at="2023-12-04T16:11:42 ART" name="tearDown" finished-at="2023-12-04T16:11:43 ART" duration-ms="665" status="PASS">
          <reporter-output>
          </reporter-output>
        </test-method> <!-- tearDown -->
      </class> <!-- tests.SauceDemoTest -->
    </test> <!-- smokeTest -->
  </suite> <!-- Suite -->
</testng-results>
